<?xml version="1.0" encoding="UTF-8"?>
<!-- Generated by org.testng.reporters.JUnitReportReporter -->
<testsuite skipped="0" hostname="HBADT4500358" name="com.qa.recap.TC_Rediff_01" tests="1" failures="0" timestamp="20 Mar 2021 09:22:02 GMT" time="4.639" errors="0">
  <testcase name="createAccount" time="4.639" classname="com.qa.recap.TC_Rediff_01"/>
</testsuite> <!-- com.qa.recap.TC_Rediff_01 -->
