<?xml version="1.0" encoding="UTF-8"?>
<!-- Generated by org.testng.reporters.JUnitReportReporter -->
<testsuite skipped="0" hostname="HBADT4500358" name="com.qa.DemoGuru.Login" tests="1" failures="0" timestamp="28 Mar 2021 04:16:34 GMT" time="11.894" errors="0">
  <testcase name="LoginDemo" time="11.894" classname="com.qa.DemoGuru.Login"/>
</testsuite> <!-- com.qa.DemoGuru.Login -->
