<?xml version="1.0" encoding="UTF-8"?>
<!-- Generated by org.testng.reporters.JUnitReportReporter -->
<testsuite skipped="0" hostname="HBADT4500358" name="com.qa.testscript.ExampleforScreenshots" tests="1" failures="0" timestamp="21 Mar 2021 09:33:14 GMT" time="0.476" errors="0">
  <testcase name="getAmazonLogoImage" time="0.476" classname="com.qa.testscript.ExampleforScreenshots"/>
</testsuite> <!-- com.qa.testscript.ExampleforScreenshots -->
