<?xml version="1.0" encoding="UTF-8"?>
<!-- Generated by org.testng.reporters.JUnitReportReporter -->
<testsuite skipped="0" hostname="HBADT4500358" name="com.qa.DemoGuru.Register" tests="1" failures="0" timestamp="28 Mar 2021 08:45:29 GMT" time="4.360" errors="0">
  <testcase name="Registration" time="4.360" classname="com.qa.DemoGuru.Register"/>
</testsuite> <!-- com.qa.DemoGuru.Register -->
