<?xml version="1.0" encoding="UTF-8"?>
<!-- Generated by org.testng.reporters.JUnitReportReporter -->
<testsuite skipped="0" hostname="HBADT4500358" name="com.qa.testscript.DataPro" tests="3" failures="0" timestamp="20 Mar 2021 09:27:43 GMT" time="109.037" errors="0">
  <testcase name="main" time="36.362" classname="com.qa.testscript.DataPro"/>
  <testcase name="main" time="37.634" classname="com.qa.testscript.DataPro"/>
  <testcase name="main" time="35.041" classname="com.qa.testscript.DataPro"/>
</testsuite> <!-- com.qa.testscript.DataPro -->
