<?xml version="1.0" encoding="UTF-8"?>
<!-- Generated by org.testng.reporters.JUnitReportReporter -->
<testsuite skipped="0" hostname="HBADT4500358" name="com.qa.recap.AssertsExp" tests="1" failures="0" timestamp="20 Mar 2021 10:00:58 GMT" time="2.815" errors="0">
  <testcase name="createAccount" time="2.815" classname="com.qa.recap.AssertsExp"/>
</testsuite> <!-- com.qa.recap.AssertsExp -->
