<?xml version="1.0" encoding="UTF-8"?>
<!-- Generated by org.testng.reporters.JUnitReportReporter -->
<testsuite skipped="0" hostname="HBADT4500358" name="com.qa.recap.OpenSourcesDemo" tests="1" failures="0" timestamp="21 Mar 2021 11:14:51 GMT" time="8.058" errors="0">
  <testcase name="login" time="8.058" classname="com.qa.recap.OpenSourcesDemo"/>
</testsuite> <!-- com.qa.recap.OpenSourcesDemo -->
