<?xml version="1.0" encoding="UTF-8"?>
<!-- Generated by org.testng.reporters.JUnitReportReporter -->
<testsuite skipped="0" hostname="HBADT4500358" name="com.qa.testscript.ScrollByElementPresence" tests="1" failures="0" timestamp="21 Mar 2021 06:13:16 GMT" time="50.521" errors="0">
  <testcase name="scrollByElement" time="50.521" classname="com.qa.testscript.ScrollByElementPresence"/>
</testsuite> <!-- com.qa.testscript.ScrollByElementPresence -->
