<?xml version="1.0" encoding="UTF-8"?>
<!-- Generated by org.testng.reporters.JUnitReportReporter -->
<testsuite skipped="0" hostname="HBADT4500358" name="com.qa.recap.TC_Rediff_04" tests="1" failures="0" timestamp="27 Mar 2021 11:03:29 GMT" time="28.427" errors="0">
  <testcase name="WorkingWithPopUps" time="28.427" classname="com.qa.recap.TC_Rediff_04"/>
</testsuite> <!-- com.qa.recap.TC_Rediff_04 -->
