<?xml version="1.0" encoding="UTF-8"?>
<!-- Generated by org.testng.reporters.JUnitReportReporter -->
<testsuite skipped="0" hostname="HBADT4500358" name="com.qa.testscript.WorkingWithFrames" tests="1" failures="0" timestamp="21 Mar 2021 07:05:36 GMT" time="12.115" errors="0">
  <testcase name="frameByIndex" time="12.115" classname="com.qa.testscript.WorkingWithFrames"/>
</testsuite> <!-- com.qa.testscript.WorkingWithFrames -->
