<?xml version="1.0" encoding="UTF-8"?>
<!-- Generated by org.testng.reporters.JUnitReportReporter -->
<testsuite skipped="0" hostname="HBADT4500358" name="com.qa.recap.ParameterizationUsingProperties" tests="1" failures="0" timestamp="21 Mar 2021 10:39:29 GMT" time="5.039" errors="0">
  <testcase name="login" time="5.039" classname="com.qa.recap.ParameterizationUsingProperties"/>
</testsuite> <!-- com.qa.recap.ParameterizationUsingProperties -->
