<?xml version="1.0" encoding="UTF-8"?>
<!-- Generated by org.testng.reporters.JUnitReportReporter -->
<testsuite skipped="0" hostname="HBADT4500358" name="com.qa.testscript.DDTUsingExcel" tests="1" failures="0" timestamp="27 Mar 2021 06:18:01 GMT" time="91.471" errors="0">
  <testcase name="AmazonMultipleInput" time="91.471" classname="com.qa.testscript.DDTUsingExcel"/>
</testsuite> <!-- com.qa.testscript.DDTUsingExcel -->
