<?xml version="1.0" encoding="UTF-8"?>
<!-- Generated by org.testng.reporters.JUnitReportReporter -->
<testsuite skipped="0" hostname="HBADT4500358" name="com.qa.testscript.Sampletest" tests="1" failures="0" timestamp="20 Mar 2021 05:41:26 GMT" time="35.832" errors="0">
  <testcase name="Smaple" time="35.832" classname="com.qa.testscript.Sampletest"/>
</testsuite> <!-- com.qa.testscript.Sampletest -->
