<?xml version="1.0" encoding="UTF-8"?>
<!-- Generated by org.testng.reporters.JUnitReportReporter -->
<testsuite skipped="0" hostname="HBADT4500358" name="com.qa.Google.SerchData" tests="3" failures="0" timestamp="27 Mar 2021 07:23:05 GMT" time="25.946" errors="0">
  <testcase name="search" time="9.684" classname="com.qa.Google.SerchData"/>
  <testcase name="search" time="8.081" classname="com.qa.Google.SerchData"/>
  <testcase name="search" time="8.181" classname="com.qa.Google.SerchData"/>
</testsuite> <!-- com.qa.Google.SerchData -->
