<?xml version="1.0" encoding="UTF-8"?>
<!-- Generated by org.testng.reporters.JUnitReportReporter -->
<testsuite skipped="0" hostname="HBADT4500358" name="com.qa.Google.DataProviderFromXL" tests="4" failures="0" timestamp="27 Mar 2021 06:33:23 GMT" time="25.048" errors="0">
  <testcase name="search" time="7.473" classname="com.qa.Google.DataProviderFromXL"/>
  <testcase name="search" time="4.157" classname="com.qa.Google.DataProviderFromXL"/>
  <testcase name="search" time="9.338" classname="com.qa.Google.DataProviderFromXL"/>
  <testcase name="search" time="4.080" classname="com.qa.Google.DataProviderFromXL"/>
</testsuite> <!-- com.qa.Google.DataProviderFromXL -->
