<?xml version="1.0" encoding="UTF-8"?>
<!-- Generated by org.testng.reporters.JUnitReportReporter -->
<testsuite skipped="0" hostname="HBADT4500358" name="com.qa.testscript.ExampleforDragandDrop" tests="1" failures="0" timestamp="21 Mar 2021 06:29:36 GMT" time="29.455" errors="0">
  <testcase name="dragAnddrop" time="29.455" classname="com.qa.testscript.ExampleforDragandDrop"/>
</testsuite> <!-- com.qa.testscript.ExampleforDragandDrop -->
