<?xml version="1.0" encoding="UTF-8"?>
<!-- Generated by org.testng.reporters.JUnitReportReporter -->
<testsuite skipped="0" hostname="HBADT4500358" name="com.qa.recap.TC_Rediff_03" tests="1" failures="0" timestamp="20 Mar 2021 11:09:03 GMT" time="7.071" errors="0">
  <testcase name="WorkingWithMultipleWindows" time="7.071" classname="com.qa.recap.TC_Rediff_03"/>
</testsuite> <!-- com.qa.recap.TC_Rediff_03 -->
