<?xml version="1.0" encoding="UTF-8"?>
<!-- Generated by org.testng.reporters.JUnitReportReporter -->
<testsuite skipped="0" hostname="HBADT4500358" name="com.qa.testscript.DDTUsingExcelToDataProvider" tests="3" failures="0" timestamp="27 Mar 2021 06:36:38 GMT" time="26.930" errors="0">
  <testcase name="searchItem" time="8.434" classname="com.qa.testscript.DDTUsingExcelToDataProvider"/>
  <testcase name="searchItem" time="10.360" classname="com.qa.testscript.DDTUsingExcelToDataProvider"/>
  <testcase name="searchItem" time="8.136" classname="com.qa.testscript.DDTUsingExcelToDataProvider"/>
</testsuite> <!-- com.qa.testscript.DDTUsingExcelToDataProvider -->
