<?xml version="1.0" encoding="UTF-8"?>
<!-- Generated by org.testng.reporters.JUnitReportReporter -->
<testsuite skipped="0" hostname="HBADT4500358" name="com.qa.testscript.WorkingwithScrollsBars" tests="1" failures="0" timestamp="21 Mar 2021 05:37:36 GMT" time="42.352" errors="0">
  <testcase name="scrollBars" time="42.352" classname="com.qa.testscript.WorkingwithScrollsBars"/>
</testsuite> <!-- com.qa.testscript.WorkingwithScrollsBars -->
