<?xml version="1.0" encoding="UTF-8"?>
<!-- Generated by org.testng.reporters.JUnitReportReporter -->
<testsuite skipped="0" hostname="HBADT4500358" name="com.qa.testscript.GuruDemoSite" tests="1" failures="0" timestamp="27 Mar 2021 11:39:14 GMT" time="15.016" errors="0">
  <testcase name="Flight" time="15.016" classname="com.qa.testscript.GuruDemoSite"/>
</testsuite> <!-- com.qa.testscript.GuruDemoSite -->
