<?xml version="1.0" encoding="UTF-8"?>
<!-- Generated by org.testng.reporters.JUnitReportReporter -->
<testsuite skipped="0" hostname="HBADT4500358" name="com.qa.testscript.TC_Rediff_01" tests="1" failures="0" timestamp="20 Mar 2021 06:20:36 GMT" time="2.157" errors="0">
  <testcase name="createAccount" time="2.157" classname="com.qa.testscript.TC_Rediff_01"/>
</testsuite> <!-- com.qa.testscript.TC_Rediff_01 -->
