<?xml version="1.0" encoding="UTF-8"?>
<!-- Generated by org.testng.reporters.JUnitReportReporter -->
<testsuite skipped="0" hostname="HBADT4500358" name="com.qa.testscript.frameByelement" tests="1" failures="0" timestamp="21 Mar 2021 07:23:21 GMT" time="19.901" errors="0">
  <testcase name="frameByelement1" time="19.901" classname="com.qa.testscript.frameByelement"/>
</testsuite> <!-- com.qa.testscript.frameByelement -->
