<?xml version="1.0" encoding="UTF-8"?>
<!-- Generated by org.testng.reporters.JUnitReportReporter -->
<testsuite skipped="0" hostname="HBADT4500358" name="com.qa.TestScripts.TC_01_TransferFunds" tests="1" failures="0" timestamp="10 Apr 2021 05:24:50 GMT" time="2.959" errors="0">
  <testcase name="TransferFund" time="2.959" classname="com.qa.TestScripts.TC_01_TransferFunds"/>
</testsuite> <!-- com.qa.TestScripts.TC_01_TransferFunds -->
